[debug] [2025-05-31T02:04:41.244Z] ----------------------------------------------------------------------
[debug] [2025-05-31T02:04:41.246Z] Command:       C:\Program Files\nodejs\node.exe C:\Users\PC\AppData\Roaming\npm\node_modules\firebase-tools\lib\bin\firebase.js init
[debug] [2025-05-31T02:04:41.246Z] CLI Version:   14.5.1
[debug] [2025-05-31T02:04:41.247Z] Platform:      win32
[debug] [2025-05-31T02:04:41.247Z] Node Version:  v22.11.0
[debug] [2025-05-31T02:04:41.247Z] Time:          Sat May 31 2025 05:04:41 GMT+0300 (Eastern European Summer Time)
[debug] [2025-05-31T02:04:41.247Z] ----------------------------------------------------------------------
[debug] 
[debug] [2025-05-31T02:04:41.249Z] >>> [apiv2][query] GET https://firebase-public.firebaseio.com/cli.json [none]
[debug] [2025-05-31T02:04:41.290Z] > command requires scopes: ["email","openid","https://www.googleapis.com/auth/cloudplatformprojects.readonly","https://www.googleapis.com/auth/firebase","https://www.googleapis.com/auth/cloud-platform"]
[debug] [2025-05-31T02:04:41.290Z] > authorizing via signed-in user (rororoby09@gmail.com)
[info] 
     ######## #### ########  ######## ########     ###     ######  ########
     ##        ##  ##     ## ##       ##     ##  ##   ##  ##       ##
     ######    ##  ########  ######   ########  #########  ######  ######
     ##        ##  ##    ##  ##       ##     ## ##     ##       ## ##
     ##       #### ##     ## ######## ########  ##     ##  ######  ########

You're about to initialize a Firebase project in this directory:

  C:\Users\PC\Desktop\Hotel-project

[debug] [2025-05-31T02:04:41.698Z] <<< [apiv2][status] GET https://firebase-public.firebaseio.com/cli.json 200
[debug] [2025-05-31T02:04:41.698Z] <<< [apiv2][body] GET https://firebase-public.firebaseio.com/cli.json {"cloudBuildErrorAfter":1594252800000,"cloudBuildWarnAfter":1590019200000,"defaultNode10After":1594252800000,"minVersion":"3.0.5","node8DeploysDisabledAfter":1613390400000,"node8RuntimeDisabledAfter":1615809600000,"node8WarnAfter":1600128000000}
[info] 
=== Project Setup
[info] 
[info] First, let's associate this project directory with a Firebase project.
[info] You can create multiple project aliases by running firebase use --add, 
[info] but for now we'll just set up a default project.
[info] 
[info] i  If you want to create a project in a Google Cloud organization or folder, please use "firebase projects:create" instead, and return to this command when you've created the project. 
